<?xml version="1.0" encoding="UTF-8"?><testsuite errors="0" failures="1" name="com.bestbuy.api.bestbuyapiinfo.ProductCRUDWithSteps" skipped="0" tests="4" time="9.36" timestamp="2022-01-11T23:41:42.006Z[Europe/London]"><testcase classname="com.bestbuy.api.bestbuyapiinfo.ProductCRUDWithSteps" name="Get all the product"/><testcase classname="com.bestbuy.api.bestbuyapiinfo.ProductCRUDWithSteps" name="Create new product "/><testcase classname="com.bestbuy.api.bestbuyapiinfo.ProductCRUDWithSteps" name="Update the product"/><testcase classname="com.bestbuy.api.bestbuyapiinfo.ProductCRUDWithSteps" name="Delete the product by id"><failure message="1 expectation failed.&#10;Expected status code &lt;200&gt; but was &lt;404&gt;.&#10;" type="java.lang.AssertionError">1 expectation failed.
Expected status code &lt;200&gt; but was &lt;404&gt;.
</failure><system-err>1 expectation failed.
Expected status code &lt;200&gt; but was &lt;404&gt;.
&#13;
io.restassured.internal.ResponseSpecificationImpl.validateResponseIfRequired(ResponseSpecificationImpl.groovy:636)&#13;
io.restassured.internal.ResponseSpecificationImpl.statusCode(ResponseSpecificationImpl.groovy:122)&#13;
io.restassured.internal.ResponseSpecificationImpl.statusCode(ResponseSpecificationImpl.groovy:130)&#13;
io.restassured.internal.ValidatableResponseOptionsImpl.statusCode(ValidatableResponseOptionsImpl.java:117)&#13;
com.bestbuy.api.bestbuyapiinfo.ProductCRUDWithSteps.test004(ProductCRUDWithSteps.java:51)&#13;
</system-err></testcase></testsuite>